{2019-03-05 18:08:11.390} [main] INFO  com.selenium.test.Application.logStarting(48) - Starting Application on harbor-e450 with PID 2116 (D:\project\FusionDirector\mosai_gitlab\AutoTest\target\classes started by harbor in D:\project\FusionDirector\mosai_gitlab\AutoTest)
{2019-03-05 18:08:11.396} [main] DEBUG com.selenium.test.Application.logStarting(51) - Running with Spring Boot v1.5.4.RELEASE, Spring v4.3.6.RELEASE
{2019-03-05 18:08:11.396} [main] INFO  com.selenium.test.Application.logStartupProfileInfo(597) - The following profiles are active: office-67
{2019-03-05 18:08:11.522} [main] INFO  o.s.c.a.AnnotationConfigApplicationContext.prepareRefresh(582) - Refreshing org.springframework.context.annotation.AnnotationConfigApplicationContext@71a8adcf: startup date [Tue Mar 05 18:08:11 CST 2019]; root of context hierarchy
{2019-03-05 18:10:20.837} [main] INFO  com.selenium.test.Application.logStarting(48) - Starting Application on harbor-e450 with PID 13988 (D:\project\FusionDirector\mosai_gitlab\AutoTest\target\classes started by harbor in D:\project\FusionDirector\mosai_gitlab\AutoTest)
{2019-03-05 18:10:20.843} [main] DEBUG com.selenium.test.Application.logStarting(51) - Running with Spring Boot v1.5.4.RELEASE, Spring v4.3.6.RELEASE
{2019-03-05 18:10:20.843} [main] INFO  com.selenium.test.Application.logStartupProfileInfo(597) - The following profiles are active: office-67
{2019-03-05 18:10:20.918} [main] INFO  o.s.c.a.AnnotationConfigApplicationContext.prepareRefresh(582) - Refreshing org.springframework.context.annotation.AnnotationConfigApplicationContext@71a8adcf: startup date [Tue Mar 05 18:10:20 CST 2019]; root of context hierarchy
{2019-03-05 18:10:22.229} [main] INFO  o.s.j.e.a.AnnotationMBeanExporter.afterSingletonsInstantiated(431) - Registering beans for JMX exposure on startup
{2019-03-05 18:10:22.250} [main] INFO  com.selenium.test.Application.run(30) - Auto test begin...
{2019-03-05 18:10:27.861} [main] INFO  c.s.test.service.AutoTestService.test(71) - Open chrome broswer with url https://192.168.8.180/ui/login.action
{2019-03-05 18:10:27.985} [main] INFO  c.s.test.service.AutoTestService.test(79) - find input field for user and password.
{2019-03-05 18:10:28.089} [main] INFO  c.s.test.service.AutoTestService.pauseSeconds(263) - Pause for 1 seconds
{2019-03-05 18:10:29.140} [main] INFO  c.s.test.service.AutoTestService.test(87) - send keys admin to input field userName-inputEl
{2019-03-05 18:10:29.261} [main] INFO  c.s.test.service.AutoTestService.test(92) - send keys Simple@0 to input field password-inputEl
{2019-03-05 18:10:29.378} [main] INFO  c.s.test.service.AutoTestService.test(97) - click login button
{2019-03-05 18:10:29.378} [main] INFO  c.s.test.service.AutoTestService.pauseSeconds(263) - Pause for 10 seconds
{2019-03-05 18:12:59.630} [main] INFO  com.selenium.test.Application.logStarting(48) - Starting Application on harbor-e450 with PID 14656 (D:\project\FusionDirector\mosai_gitlab\AutoTest\target\classes started by harbor in D:\project\FusionDirector\mosai_gitlab\AutoTest)
{2019-03-05 18:12:59.685} [main] DEBUG com.selenium.test.Application.logStarting(51) - Running with Spring Boot v1.5.4.RELEASE, Spring v4.3.6.RELEASE
{2019-03-05 18:12:59.687} [main] INFO  com.selenium.test.Application.logStartupProfileInfo(597) - The following profiles are active: office-67
{2019-03-05 18:13:00.952} [main] INFO  o.s.c.a.AnnotationConfigApplicationContext.prepareRefresh(582) - Refreshing org.springframework.context.annotation.AnnotationConfigApplicationContext@51e69659: startup date [Tue Mar 05 18:13:00 CST 2019]; root of context hierarchy
{2019-03-05 18:13:12.915} [main] INFO  o.s.j.e.a.AnnotationMBeanExporter.afterSingletonsInstantiated(431) - Registering beans for JMX exposure on startup
{2019-03-05 18:13:13.106} [main] INFO  com.selenium.test.Application.run(30) - Auto test begin...
{2019-03-05 18:13:46.967} [main] INFO  c.s.test.service.AutoTestService.test(71) - Open chrome broswer with url https://192.168.8.180/ui/login.action
{2019-03-05 18:13:47.161} [main] INFO  c.s.test.service.AutoTestService.test(79) - find input field for user and password.
{2019-03-05 18:13:47.333} [main] INFO  c.s.test.service.AutoTestService.pauseSeconds(263) - Pause for 1 seconds
{2019-03-05 18:13:48.596} [main] INFO  c.s.test.service.AutoTestService.test(87) - send keys admin to input field userName-inputEl
{2019-03-05 18:13:48.743} [main] INFO  c.s.test.service.AutoTestService.test(92) - send keys Simple@0 to input field password-inputEl
{2019-03-05 18:13:48.821} [main] INFO  c.s.test.service.AutoTestService.test(97) - click login button
{2019-03-05 18:13:48.822} [main] INFO  c.s.test.service.AutoTestService.pauseSeconds(263) - Pause for 10 seconds
{2019-03-05 18:13:58.822} [main] INFO  c.s.test.service.AutoTestService.installPlugin(110) - click config button
{2019-03-05 18:14:16.804} [main] INFO  o.s.b.a.l.AutoConfigurationReportLoggingInitializer.logAutoConfigurationReport(101) - 

Error starting ApplicationContext. To display the auto-configuration report re-run your application with 'debug' enabled.
{2019-03-05 18:14:16.843} [main] ERROR o.s.boot.SpringApplication.reportFailure(771) - Application startup failed
java.lang.IllegalStateException: Failed to execute CommandLineRunner
	at org.springframework.boot.SpringApplication.callRunner(SpringApplication.java:735)
	at org.springframework.boot.SpringApplication.callRunners(SpringApplication.java:716)
	at org.springframework.boot.SpringApplication.afterRefresh(SpringApplication.java:703)
	at org.springframework.boot.SpringApplication.run(SpringApplication.java:304)
	at com.selenium.test.Application.main(Application.java:26)
Caused by: org.openqa.selenium.WebDriverException: unknown error: Element <a class="x-btn nav-link x-unselectable x-btn--small" hidefocus="on" unselectable="on" id="objectNavigatorToolbarAdministrationBtn" tabindex="0" componentid="objectNavigatorToolbarAdministrationBtn">...</a> is not clickable at point (839, 30). Other element would receive the click: <div class="splash-screen-background"></div>
  (Session info: chrome=72.0.3626.121)
  (Driver info: chromedriver=72.0.3626.7 (efcef9a3ecda02b2132af215116a03852d08b9cb),platform=Windows NT 10.0.16299 x86_64) (WARNING: The server did not provide any stacktrace information)
Command duration or timeout: 0 milliseconds
Build info: version: '3.9.1', revision: '63f7b50', time: '2018-02-07T22:25:02.294Z'
System info: host: 'HARBOR-E450', ip: '10.70.181.97', os.name: 'Windows 8.1', os.arch: 'amd64', os.version: '6.3', java.version: '1.8.0_51'
Driver info: org.openqa.selenium.chrome.ChromeDriver
Capabilities {acceptInsecureCerts: false, acceptSslCerts: false, applicationCacheEnabled: false, browserConnectionEnabled: false, browserName: chrome, chrome: {chromedriverVersion: 72.0.3626.7 (efcef9a3ecda02..., userDataDir: C:\Users\harbor\AppData\Loc...}, cssSelectorsEnabled: true, databaseEnabled: false, goog:chromeOptions: {debuggerAddress: localhost:65393}, handlesAlerts: true, hasTouchScreen: false, javascriptEnabled: true, locationContextEnabled: true, mobileEmulationEnabled: false, nativeEvents: true, networkConnectionEnabled: false, pageLoadStrategy: normal, platform: XP, platformName: XP, proxy: Proxy(), rotatable: false, setWindowRect: true, takesHeapSnapshot: true, takesScreenshot: true, timeouts: {implicit: 0, pageLoad: 300000, script: 30000}, unexpectedAlertBehaviour: ignore, unhandledPromptBehavior: ignore, version: 72.0.3626.121, webStorageEnabled: true}
Session ID: bf1f5bd073a489562bc1fbd5ff66fae3
	at sun.reflect.NativeConstructorAccessorImpl.newInstance0(Native Method)
	at sun.reflect.NativeConstructorAccessorImpl.newInstance(NativeConstructorAccessorImpl.java:62)
	at sun.reflect.DelegatingConstructorAccessorImpl.newInstance(DelegatingConstructorAccessorImpl.java:45)
	at java.lang.reflect.Constructor.newInstance(Constructor.java:422)
	at org.openqa.selenium.remote.ErrorHandler.createThrowable(ErrorHandler.java:214)
	at org.openqa.selenium.remote.ErrorHandler.throwIfResponseFailed(ErrorHandler.java:166)
	at org.openqa.selenium.remote.http.JsonHttpResponseCodec.reconstructValue(JsonHttpResponseCodec.java:40)
	at org.openqa.selenium.remote.http.AbstractHttpResponseCodec.decode(AbstractHttpResponseCodec.java:80)
	at org.openqa.selenium.remote.http.AbstractHttpResponseCodec.decode(AbstractHttpResponseCodec.java:44)
	at org.openqa.selenium.remote.HttpCommandExecutor.execute(HttpCommandExecutor.java:160)
	at org.openqa.selenium.remote.service.DriverCommandExecutor.execute(DriverCommandExecutor.java:83)
	at org.openqa.selenium.remote.RemoteWebDriver.execute(RemoteWebDriver.java:601)
	at org.openqa.selenium.remote.RemoteWebElement.execute(RemoteWebElement.java:279)
	at org.openqa.selenium.remote.RemoteWebElement.click(RemoteWebElement.java:83)
	at com.selenium.test.service.AutoTestService.installPlugin(AutoTestService.java:112)
	at com.selenium.test.service.AutoTestService.test(AutoTestService.java:100)
	at com.selenium.test.Application.run(Application.java:31)
	at org.springframework.boot.SpringApplication.callRunner(SpringApplication.java:732)
	... 4 common frames omitted
{2019-03-05 18:14:17.045} [main] INFO  o.s.c.a.AnnotationConfigApplicationContext.doClose(987) - Closing org.springframework.context.annotation.AnnotationConfigApplicationContext@51e69659: startup date [Tue Mar 05 18:13:00 CST 2019]; root of context hierarchy
{2019-03-05 18:14:17.047} [main] INFO  o.s.j.e.a.AnnotationMBeanExporter.destroy(449) - Unregistering JMX-exposed beans on shutdown
{2019-03-05 18:14:26.296} [main] INFO  com.selenium.test.Application.logStarting(48) - Starting Application on harbor-e450 with PID 6028 (D:\project\FusionDirector\mosai_gitlab\AutoTest\target\classes started by harbor in D:\project\FusionDirector\mosai_gitlab\AutoTest)
{2019-03-05 18:14:26.301} [main] DEBUG com.selenium.test.Application.logStarting(51) - Running with Spring Boot v1.5.4.RELEASE, Spring v4.3.6.RELEASE
{2019-03-05 18:14:26.301} [main] INFO  com.selenium.test.Application.logStartupProfileInfo(597) - The following profiles are active: office-67
{2019-03-05 18:14:26.380} [main] INFO  o.s.c.a.AnnotationConfigApplicationContext.prepareRefresh(582) - Refreshing org.springframework.context.annotation.AnnotationConfigApplicationContext@71a8adcf: startup date [Tue Mar 05 18:14:26 CST 2019]; root of context hierarchy
{2019-03-05 18:14:27.602} [main] INFO  o.s.j.e.a.AnnotationMBeanExporter.afterSingletonsInstantiated(431) - Registering beans for JMX exposure on startup
{2019-03-05 18:14:27.688} [main] INFO  com.selenium.test.Application.run(30) - Auto test begin...
{2019-03-05 18:15:01.212} [main] INFO  c.s.test.service.AutoTestService.test(71) - Open chrome broswer with url https://192.168.8.180/ui/login.action
{2019-03-05 18:15:01.294} [main] INFO  c.s.test.service.AutoTestService.test(79) - find input field for user and password.
{2019-03-05 18:15:01.378} [main] INFO  c.s.test.service.AutoTestService.pauseSeconds(263) - Pause for 1 seconds
{2019-03-05 18:15:02.426} [main] INFO  c.s.test.service.AutoTestService.test(87) - send keys admin to input field userName-inputEl
{2019-03-05 18:15:02.563} [main] INFO  c.s.test.service.AutoTestService.test(92) - send keys Simple@0 to input field password-inputEl
{2019-03-05 18:15:02.682} [main] INFO  c.s.test.service.AutoTestService.test(97) - click login button
{2019-03-05 18:15:02.682} [main] INFO  c.s.test.service.AutoTestService.pauseSeconds(263) - Pause for 10 seconds
{2019-03-05 18:15:12.682} [main] INFO  c.s.test.service.AutoTestService.installPlugin(110) - click config button
{2019-03-05 18:15:13.237} [main] INFO  c.s.test.service.AutoTestService.pauseSeconds(263) - Pause for 8 seconds
{2019-03-05 18:15:21.239} [main] INFO  c.s.test.service.AutoTestService.installPlugin(116) - click add solution button
{2019-03-05 18:15:22.588} [main] INFO  c.s.test.service.AutoTestService.pauseSeconds(263) - Pause for 2 seconds
{2019-03-05 18:15:24.589} [main] INFO  c.s.test.service.AutoTestService.installPlugin(122) - select pak file
{2019-03-05 18:15:24.717} [main] INFO  c.s.test.service.AutoTestService.pauseSeconds(263) - Pause for 1 seconds
{2019-03-05 18:15:25.718} [main] INFO  c.s.test.service.AutoTestService.installPlugin(128) - Make checkbox selected
{2019-03-05 18:15:25.825} [main] INFO  c.s.test.service.AutoTestService.pauseSeconds(263) - Pause for 1 seconds
{2019-03-05 18:15:26.825} [main] INFO  c.s.test.service.AutoTestService.installPlugin(134) - upload pak file.
{2019-03-05 18:15:26.923} [main] INFO  c.s.test.service.AutoTestService.pauseSeconds(263) - Pause for 40 seconds
{2019-03-05 18:16:06.924} [main] INFO  c.s.test.service.AutoTestService.installPlugin(140) - click next button.
{2019-03-05 18:17:00.636} [main] INFO  c.s.test.service.AutoTestService.pauseSeconds(263) - Pause for 2 seconds
{2019-03-05 18:17:02.637} [main] INFO  c.s.test.service.AutoTestService.installPlugin(146) - click Yes button.
{2019-03-05 18:17:02.843} [main] INFO  c.s.test.service.AutoTestService.pauseSeconds(263) - Pause for 3 seconds
{2019-03-05 18:17:05.844} [main] INFO  c.s.test.service.AutoTestService.installPlugin(152) - Accept end user license agreement.
{2019-03-05 18:17:05.928} [main] INFO  c.s.test.service.AutoTestService.pauseSeconds(263) - Pause for 1 seconds
{2019-03-05 18:17:06.929} [main] INFO  c.s.test.service.AutoTestService.installPlugin(158) - click next button, waiting installation to be done.
{2019-03-05 18:29:14.947} [main] INFO  c.s.test.service.AutoTestService.installPlugin(172) - Click finish button.
{2019-03-05 18:29:20.080} [main] INFO  c.s.test.service.AutoTestService.installPlugin(177) - plugin install complete.
{2019-03-05 18:29:20.080} [main] INFO  c.s.test.service.AutoTestService.pauseSeconds(263) - Pause for 60 seconds
{2019-03-05 18:30:20.081} [main] INFO  c.s.test.service.AutoTestService.pauseSeconds(263) - Pause for 3 seconds
{2019-03-05 18:30:23.083} [main] INFO  c.s.test.service.AutoTestService.configInstance(185) - click config button
{2019-03-05 18:30:28.167} [main] INFO  c.s.test.service.AutoTestService.pauseSeconds(263) - Pause for 8 seconds
{2019-03-05 18:30:41.308} [main] INFO  c.s.test.service.AutoTestService.pauseSeconds(263) - Pause for 1 seconds
{2019-03-05 18:30:47.446} [main] INFO  c.s.test.service.AutoTestService.pauseSeconds(263) - Pause for 5 seconds
{2019-03-05 18:30:52.446} [main] INFO  c.s.test.service.AutoTestService.configInstance(201) - add credential
{2019-03-05 18:30:57.705} [main] INFO  c.s.test.service.AutoTestService.pauseSeconds(263) - Pause for 1 seconds
{2019-03-05 18:30:58.847} [main] INFO  c.s.test.service.AutoTestService.configInstance(209) - 3 credential fields found.
{2019-03-05 18:31:04.036} [main] INFO  c.s.test.service.AutoTestService.pauseSeconds(263) - Pause for 1 seconds
{2019-03-05 18:31:10.324} [main] INFO  c.s.test.service.AutoTestService.pauseSeconds(263) - Pause for 1 seconds
{2019-03-05 18:31:16.547} [main] INFO  c.s.test.service.AutoTestService.pauseSeconds(263) - Pause for 1 seconds
{2019-03-05 18:31:17.711} [main] INFO  c.s.test.service.AutoTestService.pauseSeconds(263) - Pause for 2 seconds
{2019-03-05 18:31:19.712} [main] INFO  c.s.test.service.AutoTestService.configInstance(225) - click OK button to save
{2019-03-05 18:31:19.811} [main] INFO  o.s.b.a.l.AutoConfigurationReportLoggingInitializer.logAutoConfigurationReport(101) - 

Error starting ApplicationContext. To display the auto-configuration report re-run your application with 'debug' enabled.
{2019-03-05 18:31:19.819} [main] ERROR o.s.boot.SpringApplication.reportFailure(771) - Application startup failed
java.lang.IllegalStateException: Failed to execute CommandLineRunner
	at org.springframework.boot.SpringApplication.callRunner(SpringApplication.java:735)
	at org.springframework.boot.SpringApplication.callRunners(SpringApplication.java:716)
	at org.springframework.boot.SpringApplication.afterRefresh(SpringApplication.java:703)
	at org.springframework.boot.SpringApplication.run(SpringApplication.java:304)
	at com.selenium.test.Application.main(Application.java:26)
Caused by: org.openqa.selenium.ElementNotVisibleException: element not interactable
  (Session info: chrome=72.0.3626.121)
  (Driver info: chromedriver=72.0.3626.7 (efcef9a3ecda02b2132af215116a03852d08b9cb),platform=Windows NT 10.0.16299 x86_64) (WARNING: The server did not provide any stacktrace information)
Command duration or timeout: 0 milliseconds
Build info: version: '3.9.1', revision: '63f7b50', time: '2018-02-07T22:25:02.294Z'
System info: host: 'HARBOR-E450', ip: '10.70.181.97', os.name: 'Windows 8.1', os.arch: 'amd64', os.version: '6.3', java.version: '1.8.0_51'
Driver info: org.openqa.selenium.chrome.ChromeDriver
Capabilities {acceptInsecureCerts: false, acceptSslCerts: false, applicationCacheEnabled: false, browserConnectionEnabled: false, browserName: chrome, chrome: {chromedriverVersion: 72.0.3626.7 (efcef9a3ecda02..., userDataDir: C:\Users\harbor\AppData\Loc...}, cssSelectorsEnabled: true, databaseEnabled: false, goog:chromeOptions: {debuggerAddress: localhost:65437}, handlesAlerts: true, hasTouchScreen: false, javascriptEnabled: true, locationContextEnabled: true, mobileEmulationEnabled: false, nativeEvents: true, networkConnectionEnabled: false, pageLoadStrategy: normal, platform: XP, platformName: XP, proxy: Proxy(), rotatable: false, setWindowRect: true, takesHeapSnapshot: true, takesScreenshot: true, timeouts: {implicit: 0, pageLoad: 300000, script: 30000}, unexpectedAlertBehaviour: ignore, unhandledPromptBehavior: ignore, version: 72.0.3626.121, webStorageEnabled: true}
Session ID: 408f310eec6fb777c0457365f5ddb6fb
	at sun.reflect.NativeConstructorAccessorImpl.newInstance0(Native Method)
	at sun.reflect.NativeConstructorAccessorImpl.newInstance(NativeConstructorAccessorImpl.java:62)
	at sun.reflect.DelegatingConstructorAccessorImpl.newInstance(DelegatingConstructorAccessorImpl.java:45)
	at java.lang.reflect.Constructor.newInstance(Constructor.java:422)
	at org.openqa.selenium.remote.ErrorHandler.createThrowable(ErrorHandler.java:214)
	at org.openqa.selenium.remote.ErrorHandler.throwIfResponseFailed(ErrorHandler.java:166)
	at org.openqa.selenium.remote.http.JsonHttpResponseCodec.reconstructValue(JsonHttpResponseCodec.java:40)
	at org.openqa.selenium.remote.http.AbstractHttpResponseCodec.decode(AbstractHttpResponseCodec.java:80)
	at org.openqa.selenium.remote.http.AbstractHttpResponseCodec.decode(AbstractHttpResponseCodec.java:44)
	at org.openqa.selenium.remote.HttpCommandExecutor.execute(HttpCommandExecutor.java:160)
	at org.openqa.selenium.remote.service.DriverCommandExecutor.execute(DriverCommandExecutor.java:83)
	at org.openqa.selenium.remote.RemoteWebDriver.execute(RemoteWebDriver.java:601)
	at org.openqa.selenium.remote.RemoteWebElement.execute(RemoteWebElement.java:279)
	at org.openqa.selenium.remote.RemoteWebElement.click(RemoteWebElement.java:83)
	at com.selenium.test.service.AutoTestService.configInstance(AutoTestService.java:227)
	at com.selenium.test.service.AutoTestService.test(AutoTestService.java:103)
	at com.selenium.test.Application.run(Application.java:31)
	at org.springframework.boot.SpringApplication.callRunner(SpringApplication.java:732)
	... 4 common frames omitted
{2019-03-05 18:31:19.821} [main] INFO  o.s.c.a.AnnotationConfigApplicationContext.doClose(987) - Closing org.springframework.context.annotation.AnnotationConfigApplicationContext@71a8adcf: startup date [Tue Mar 05 18:14:26 CST 2019]; root of context hierarchy
{2019-03-05 18:31:19.824} [main] INFO  o.s.j.e.a.AnnotationMBeanExporter.destroy(449) - Unregistering JMX-exposed beans on shutdown
