{2019-03-06 09:20:21.787} [main] INFO  com.selenium.test.Application.logStarting(48) - Starting Application on harbor-e450 with PID 2392 (D:\project\FusionDirector\mosai_gitlab\AutoTest\target\classes started by harbor in D:\project\FusionDirector\mosai_gitlab\AutoTest)
{2019-03-06 09:20:21.793} [main] DEBUG com.selenium.test.Application.logStarting(51) - Running with Spring Boot v1.5.4.RELEASE, Spring v4.3.6.RELEASE
{2019-03-06 09:20:21.794} [main] INFO  com.selenium.test.Application.logStartupProfileInfo(597) - The following profiles are active: office-67
{2019-03-06 09:20:22.567} [main] INFO  o.s.c.a.AnnotationConfigApplicationContext.prepareRefresh(582) - Refreshing org.springframework.context.annotation.AnnotationConfigApplicationContext@51e69659: startup date [Wed Mar 06 09:20:22 CST 2019]; root of context hierarchy
{2019-03-06 09:20:27.273} [main] INFO  o.s.j.e.a.AnnotationMBeanExporter.afterSingletonsInstantiated(431) - Registering beans for JMX exposure on startup
{2019-03-06 09:20:27.321} [main] INFO  com.selenium.test.Application.run(30) - Auto test begin...
{2019-03-06 09:20:53.561} [main] INFO  c.s.test.service.AutoTestService.test(71) - Open chrome broswer with url https://192.168.8.180/ui/login.action
{2019-03-06 09:20:54.400} [main] INFO  c.s.test.service.AutoTestService.test(79) - find input field for user and password.
{2019-03-06 09:20:54.735} [main] INFO  c.s.test.service.AutoTestService.pauseSeconds(263) - Pause for 1 seconds
{2019-03-06 09:20:56.096} [main] INFO  c.s.test.service.AutoTestService.test(87) - send keys admin to input field userName-inputEl
{2019-03-06 09:20:56.241} [main] INFO  c.s.test.service.AutoTestService.test(92) - send keys Simple@0 to input field password-inputEl
{2019-03-06 09:20:56.331} [main] INFO  c.s.test.service.AutoTestService.test(97) - click login button
{2019-03-06 09:20:56.332} [main] INFO  c.s.test.service.AutoTestService.pauseSeconds(263) - Pause for 10 seconds
{2019-03-06 09:21:06.332} [main] INFO  c.s.test.service.AutoTestService.installPlugin(110) - click config button
{2019-03-06 09:21:06.416} [main] INFO  c.s.test.service.AutoTestService.pauseSeconds(263) - Pause for 8 seconds
{2019-03-06 09:21:14.416} [main] INFO  c.s.test.service.AutoTestService.installPlugin(116) - click add solution button
{2019-03-06 09:21:15.724} [main] INFO  c.s.test.service.AutoTestService.pauseSeconds(263) - Pause for 2 seconds
{2019-03-06 09:21:17.725} [main] INFO  c.s.test.service.AutoTestService.installPlugin(122) - select pak file
{2019-03-06 09:21:18.669} [main] INFO  c.s.test.service.AutoTestService.pauseSeconds(263) - Pause for 1 seconds
{2019-03-06 09:21:19.670} [main] INFO  c.s.test.service.AutoTestService.installPlugin(128) - Make checkbox selected
{2019-03-06 09:21:19.752} [main] INFO  c.s.test.service.AutoTestService.pauseSeconds(263) - Pause for 1 seconds
{2019-03-06 09:21:20.753} [main] INFO  c.s.test.service.AutoTestService.installPlugin(134) - upload pak file.
{2019-03-06 09:21:20.842} [main] INFO  c.s.test.service.AutoTestService.pauseSeconds(263) - Pause for 40 seconds
{2019-03-06 09:22:00.843} [main] INFO  c.s.test.service.AutoTestService.installPlugin(140) - click next button.
{2019-03-06 09:22:39.883} [main] INFO  c.s.test.service.AutoTestService.pauseSeconds(263) - Pause for 2 seconds
{2019-03-06 09:22:41.883} [main] INFO  c.s.test.service.AutoTestService.installPlugin(146) - click Yes button.
{2019-03-06 09:22:42.085} [main] INFO  c.s.test.service.AutoTestService.pauseSeconds(263) - Pause for 3 seconds
{2019-03-06 09:22:45.086} [main] INFO  c.s.test.service.AutoTestService.installPlugin(152) - Accept end user license agreement.
{2019-03-06 09:22:45.158} [main] INFO  c.s.test.service.AutoTestService.pauseSeconds(263) - Pause for 1 seconds
{2019-03-06 09:22:46.159} [main] INFO  c.s.test.service.AutoTestService.installPlugin(158) - click next button, waiting installation to be done.
{2019-03-06 09:33:46.318} [main] INFO  c.s.test.service.AutoTestService.installPlugin(172) - Click finish button.
{2019-03-06 09:33:46.440} [main] INFO  c.s.test.service.AutoTestService.installPlugin(177) - plugin install complete.
{2019-03-06 09:33:46.441} [main] INFO  c.s.test.service.AutoTestService.pauseSeconds(263) - Pause for 60 seconds
{2019-03-06 09:34:46.442} [main] INFO  c.s.test.service.AutoTestService.pauseSeconds(263) - Pause for 3 seconds
{2019-03-06 09:34:49.443} [main] INFO  c.s.test.service.AutoTestService.configInstance(185) - click config button
{2019-03-06 09:34:49.529} [main] INFO  c.s.test.service.AutoTestService.pauseSeconds(263) - Pause for 8 seconds
{2019-03-06 09:34:57.718} [main] INFO  c.s.test.service.AutoTestService.pauseSeconds(263) - Pause for 1 seconds
{2019-03-06 09:34:58.827} [main] INFO  c.s.test.service.AutoTestService.pauseSeconds(263) - Pause for 5 seconds
{2019-03-06 09:35:03.828} [main] INFO  c.s.test.service.AutoTestService.configInstance(201) - add credential
{2019-03-06 09:35:03.986} [main] INFO  c.s.test.service.AutoTestService.pauseSeconds(263) - Pause for 1 seconds
{2019-03-06 09:35:05.137} [main] INFO  c.s.test.service.AutoTestService.configInstance(209) - 3 credential fields found.
{2019-03-06 09:35:05.386} [main] INFO  c.s.test.service.AutoTestService.pauseSeconds(263) - Pause for 1 seconds
{2019-03-06 09:35:06.659} [main] INFO  c.s.test.service.AutoTestService.pauseSeconds(263) - Pause for 1 seconds
{2019-03-06 09:35:07.889} [main] INFO  c.s.test.service.AutoTestService.pauseSeconds(263) - Pause for 1 seconds
{2019-03-06 09:35:09.004} [main] INFO  c.s.test.service.AutoTestService.pauseSeconds(263) - Pause for 2 seconds
{2019-03-06 09:35:11.004} [main] INFO  c.s.test.service.AutoTestService.configInstance(225) - click OK button to save
{2019-03-06 09:35:11.185} [main] INFO  o.s.b.a.l.AutoConfigurationReportLoggingInitializer.logAutoConfigurationReport(101) - 

Error starting ApplicationContext. To display the auto-configuration report re-run your application with 'debug' enabled.
{2019-03-06 09:35:11.213} [main] ERROR o.s.boot.SpringApplication.reportFailure(771) - Application startup failed
java.lang.IllegalStateException: Failed to execute CommandLineRunner
	at org.springframework.boot.SpringApplication.callRunner(SpringApplication.java:735)
	at org.springframework.boot.SpringApplication.callRunners(SpringApplication.java:716)
	at org.springframework.boot.SpringApplication.afterRefresh(SpringApplication.java:703)
	at org.springframework.boot.SpringApplication.run(SpringApplication.java:304)
	at com.selenium.test.Application.main(Application.java:26)
Caused by: org.openqa.selenium.ElementNotVisibleException: element not interactable
  (Session info: chrome=72.0.3626.121)
  (Driver info: chromedriver=72.0.3626.7 (efcef9a3ecda02b2132af215116a03852d08b9cb),platform=Windows NT 10.0.16299 x86_64) (WARNING: The server did not provide any stacktrace information)
Command duration or timeout: 0 milliseconds
Build info: version: '3.9.1', revision: '63f7b50', time: '2018-02-07T22:25:02.294Z'
System info: host: 'HARBOR-E450', ip: '192.168.8.101', os.name: 'Windows 8.1', os.arch: 'amd64', os.version: '6.3', java.version: '1.8.0_51'
Driver info: org.openqa.selenium.chrome.ChromeDriver
Capabilities {acceptInsecureCerts: false, acceptSslCerts: false, applicationCacheEnabled: false, browserConnectionEnabled: false, browserName: chrome, chrome: {chromedriverVersion: 72.0.3626.7 (efcef9a3ecda02..., userDataDir: C:\Users\harbor\AppData\Loc...}, cssSelectorsEnabled: true, databaseEnabled: false, goog:chromeOptions: {debuggerAddress: localhost:52061}, handlesAlerts: true, hasTouchScreen: false, javascriptEnabled: true, locationContextEnabled: true, mobileEmulationEnabled: false, nativeEvents: true, networkConnectionEnabled: false, pageLoadStrategy: normal, platform: XP, platformName: XP, proxy: Proxy(), rotatable: false, setWindowRect: true, takesHeapSnapshot: true, takesScreenshot: true, timeouts: {implicit: 0, pageLoad: 300000, script: 30000}, unexpectedAlertBehaviour: ignore, unhandledPromptBehavior: ignore, version: 72.0.3626.121, webStorageEnabled: true}
Session ID: 003aca60c30b1d4ec8350a9f8da3aeb1
	at sun.reflect.NativeConstructorAccessorImpl.newInstance0(Native Method)
	at sun.reflect.NativeConstructorAccessorImpl.newInstance(NativeConstructorAccessorImpl.java:62)
	at sun.reflect.DelegatingConstructorAccessorImpl.newInstance(DelegatingConstructorAccessorImpl.java:45)
	at java.lang.reflect.Constructor.newInstance(Constructor.java:422)
	at org.openqa.selenium.remote.ErrorHandler.createThrowable(ErrorHandler.java:214)
	at org.openqa.selenium.remote.ErrorHandler.throwIfResponseFailed(ErrorHandler.java:166)
	at org.openqa.selenium.remote.http.JsonHttpResponseCodec.reconstructValue(JsonHttpResponseCodec.java:40)
	at org.openqa.selenium.remote.http.AbstractHttpResponseCodec.decode(AbstractHttpResponseCodec.java:80)
	at org.openqa.selenium.remote.http.AbstractHttpResponseCodec.decode(AbstractHttpResponseCodec.java:44)
	at org.openqa.selenium.remote.HttpCommandExecutor.execute(HttpCommandExecutor.java:160)
	at org.openqa.selenium.remote.service.DriverCommandExecutor.execute(DriverCommandExecutor.java:83)
	at org.openqa.selenium.remote.RemoteWebDriver.execute(RemoteWebDriver.java:601)
	at org.openqa.selenium.remote.RemoteWebElement.execute(RemoteWebElement.java:279)
	at org.openqa.selenium.remote.RemoteWebElement.click(RemoteWebElement.java:83)
	at com.selenium.test.service.AutoTestService.configInstance(AutoTestService.java:227)
	at com.selenium.test.service.AutoTestService.test(AutoTestService.java:103)
	at com.selenium.test.Application.run(Application.java:31)
	at org.springframework.boot.SpringApplication.callRunner(SpringApplication.java:732)
	... 4 common frames omitted
{2019-03-06 09:35:11.224} [main] INFO  o.s.c.a.AnnotationConfigApplicationContext.doClose(987) - Closing org.springframework.context.annotation.AnnotationConfigApplicationContext@51e69659: startup date [Wed Mar 06 09:20:22 CST 2019]; root of context hierarchy
{2019-03-06 09:35:11.225} [main] INFO  o.s.j.e.a.AnnotationMBeanExporter.destroy(449) - Unregistering JMX-exposed beans on shutdown
{2019-03-06 11:30:07.587} [main] INFO  com.selenium.test.Application.logStarting(48) - Starting Application on harbor-e450 with PID 17520 (D:\project\FusionDirector\mosai_gitlab\AutoTest\target\classes started by harbor in D:\project\FusionDirector\mosai_gitlab\AutoTest)
{2019-03-06 11:30:07.629} [main] DEBUG com.selenium.test.Application.logStarting(51) - Running with Spring Boot v1.5.4.RELEASE, Spring v4.3.6.RELEASE
{2019-03-06 11:30:07.630} [main] INFO  com.selenium.test.Application.logStartupProfileInfo(597) - The following profiles are active: office-67
{2019-03-06 11:30:08.482} [main] INFO  o.s.c.a.AnnotationConfigApplicationContext.prepareRefresh(582) - Refreshing org.springframework.context.annotation.AnnotationConfigApplicationContext@51e69659: startup date [Wed Mar 06 11:30:08 CST 2019]; root of context hierarchy
{2019-03-06 11:30:14.102} [main] INFO  o.s.j.e.a.AnnotationMBeanExporter.afterSingletonsInstantiated(431) - Registering beans for JMX exposure on startup
{2019-03-06 11:30:14.149} [main] INFO  com.selenium.test.Application.run(30) - Auto test begin...
{2019-03-06 11:30:35.679} [main] INFO  c.s.test.service.AutoTestService.test(71) - Open chrome broswer with url https://192.168.8.180/ui/login.action
{2019-03-06 11:30:35.871} [main] INFO  c.s.test.service.AutoTestService.test(79) - find input field for user and password.
{2019-03-06 11:30:35.969} [main] INFO  c.s.test.service.AutoTestService.pauseSeconds(263) - Pause for 1 seconds
{2019-03-06 11:30:37.105} [main] INFO  c.s.test.service.AutoTestService.test(87) - send keys admin to input field userName-inputEl
{2019-03-06 11:30:37.238} [main] INFO  c.s.test.service.AutoTestService.test(92) - send keys Simple@0 to input field password-inputEl
{2019-03-06 11:30:37.322} [main] INFO  c.s.test.service.AutoTestService.test(97) - click login button
{2019-03-06 11:30:37.322} [main] INFO  c.s.test.service.AutoTestService.pauseSeconds(263) - Pause for 10 seconds
{2019-03-06 11:30:47.323} [main] INFO  c.s.test.service.AutoTestService.installPlugin(110) - click config button
{2019-03-06 11:30:55.249} [main] INFO  o.s.b.a.l.AutoConfigurationReportLoggingInitializer.logAutoConfigurationReport(101) - 

Error starting ApplicationContext. To display the auto-configuration report re-run your application with 'debug' enabled.
{2019-03-06 11:30:55.286} [main] ERROR o.s.boot.SpringApplication.reportFailure(771) - Application startup failed
java.lang.IllegalStateException: Failed to execute CommandLineRunner
	at org.springframework.boot.SpringApplication.callRunner(SpringApplication.java:735)
	at org.springframework.boot.SpringApplication.callRunners(SpringApplication.java:716)
	at org.springframework.boot.SpringApplication.afterRefresh(SpringApplication.java:703)
	at org.springframework.boot.SpringApplication.run(SpringApplication.java:304)
	at com.selenium.test.Application.main(Application.java:26)
Caused by: org.openqa.selenium.WebDriverException: unknown error: Element <a class="x-btn nav-link x-unselectable x-btn--small" hidefocus="on" unselectable="on" id="objectNavigatorToolbarAdministrationBtn" tabindex="0" componentid="objectNavigatorToolbarAdministrationBtn">...</a> is not clickable at point (839, 30). Other element would receive the click: <div class="splash-screen-background"></div>
  (Session info: chrome=72.0.3626.121)
  (Driver info: chromedriver=72.0.3626.7 (efcef9a3ecda02b2132af215116a03852d08b9cb),platform=Windows NT 10.0.16299 x86_64) (WARNING: The server did not provide any stacktrace information)
Command duration or timeout: 0 milliseconds
Build info: version: '3.9.1', revision: '63f7b50', time: '2018-02-07T22:25:02.294Z'
System info: host: 'HARBOR-E450', ip: '10.70.181.97', os.name: 'Windows 8.1', os.arch: 'amd64', os.version: '6.3', java.version: '1.8.0_51'
Driver info: org.openqa.selenium.chrome.ChromeDriver
Capabilities {acceptInsecureCerts: false, acceptSslCerts: false, applicationCacheEnabled: false, browserConnectionEnabled: false, browserName: chrome, chrome: {chromedriverVersion: 72.0.3626.7 (efcef9a3ecda02..., userDataDir: C:\Users\harbor\AppData\Loc...}, cssSelectorsEnabled: true, databaseEnabled: false, goog:chromeOptions: {debuggerAddress: localhost:53482}, handlesAlerts: true, hasTouchScreen: false, javascriptEnabled: true, locationContextEnabled: true, mobileEmulationEnabled: false, nativeEvents: true, networkConnectionEnabled: false, pageLoadStrategy: normal, platform: XP, platformName: XP, proxy: Proxy(), rotatable: false, setWindowRect: true, takesHeapSnapshot: true, takesScreenshot: true, timeouts: {implicit: 0, pageLoad: 300000, script: 30000}, unexpectedAlertBehaviour: ignore, unhandledPromptBehavior: ignore, version: 72.0.3626.121, webStorageEnabled: true}
Session ID: ee301f4a9662cb1cf3641fadeb938062
	at sun.reflect.NativeConstructorAccessorImpl.newInstance0(Native Method)
	at sun.reflect.NativeConstructorAccessorImpl.newInstance(NativeConstructorAccessorImpl.java:62)
	at sun.reflect.DelegatingConstructorAccessorImpl.newInstance(DelegatingConstructorAccessorImpl.java:45)
	at java.lang.reflect.Constructor.newInstance(Constructor.java:422)
	at org.openqa.selenium.remote.ErrorHandler.createThrowable(ErrorHandler.java:214)
	at org.openqa.selenium.remote.ErrorHandler.throwIfResponseFailed(ErrorHandler.java:166)
	at org.openqa.selenium.remote.http.JsonHttpResponseCodec.reconstructValue(JsonHttpResponseCodec.java:40)
	at org.openqa.selenium.remote.http.AbstractHttpResponseCodec.decode(AbstractHttpResponseCodec.java:80)
	at org.openqa.selenium.remote.http.AbstractHttpResponseCodec.decode(AbstractHttpResponseCodec.java:44)
	at org.openqa.selenium.remote.HttpCommandExecutor.execute(HttpCommandExecutor.java:160)
	at org.openqa.selenium.remote.service.DriverCommandExecutor.execute(DriverCommandExecutor.java:83)
	at org.openqa.selenium.remote.RemoteWebDriver.execute(RemoteWebDriver.java:601)
	at org.openqa.selenium.remote.RemoteWebElement.execute(RemoteWebElement.java:279)
	at org.openqa.selenium.remote.RemoteWebElement.click(RemoteWebElement.java:83)
	at com.selenium.test.service.AutoTestService.installPlugin(AutoTestService.java:112)
	at com.selenium.test.service.AutoTestService.test(AutoTestService.java:100)
	at com.selenium.test.Application.run(Application.java:31)
	at org.springframework.boot.SpringApplication.callRunner(SpringApplication.java:732)
	... 4 common frames omitted
{2019-03-06 11:30:55.407} [main] INFO  o.s.c.a.AnnotationConfigApplicationContext.doClose(987) - Closing org.springframework.context.annotation.AnnotationConfigApplicationContext@51e69659: startup date [Wed Mar 06 11:30:08 CST 2019]; root of context hierarchy
{2019-03-06 11:30:55.408} [main] INFO  o.s.j.e.a.AnnotationMBeanExporter.destroy(449) - Unregistering JMX-exposed beans on shutdown
{2019-03-06 11:31:05.082} [main] INFO  com.selenium.test.Application.logStarting(48) - Starting Application on harbor-e450 with PID 900 (D:\project\FusionDirector\mosai_gitlab\AutoTest\target\classes started by harbor in D:\project\FusionDirector\mosai_gitlab\AutoTest)
{2019-03-06 11:31:05.085} [main] DEBUG com.selenium.test.Application.logStarting(51) - Running with Spring Boot v1.5.4.RELEASE, Spring v4.3.6.RELEASE
{2019-03-06 11:31:05.086} [main] INFO  com.selenium.test.Application.logStartupProfileInfo(597) - The following profiles are active: office-67
{2019-03-06 11:31:05.155} [main] INFO  o.s.c.a.AnnotationConfigApplicationContext.prepareRefresh(582) - Refreshing org.springframework.context.annotation.AnnotationConfigApplicationContext@71a8adcf: startup date [Wed Mar 06 11:31:05 CST 2019]; root of context hierarchy
{2019-03-06 11:31:06.323} [main] INFO  o.s.j.e.a.AnnotationMBeanExporter.afterSingletonsInstantiated(431) - Registering beans for JMX exposure on startup
{2019-03-06 11:31:06.341} [main] INFO  com.selenium.test.Application.run(30) - Auto test begin...
{2019-03-06 11:31:13.409} [main] INFO  c.s.test.service.AutoTestService.test(71) - Open chrome broswer with url https://192.168.8.180/ui/login.action
{2019-03-06 11:31:13.596} [main] INFO  c.s.test.service.AutoTestService.test(79) - find input field for user and password.
{2019-03-06 11:31:13.708} [main] INFO  c.s.test.service.AutoTestService.pauseSeconds(263) - Pause for 1 seconds
{2019-03-06 11:31:14.764} [main] INFO  c.s.test.service.AutoTestService.test(87) - send keys admin to input field userName-inputEl
{2019-03-06 11:31:14.886} [main] INFO  c.s.test.service.AutoTestService.test(92) - send keys Simple@0 to input field password-inputEl
{2019-03-06 11:31:14.963} [main] INFO  c.s.test.service.AutoTestService.test(97) - click login button
{2019-03-06 11:31:14.963} [main] INFO  c.s.test.service.AutoTestService.pauseSeconds(263) - Pause for 10 seconds
{2019-03-06 11:31:24.963} [main] INFO  c.s.test.service.AutoTestService.installPlugin(110) - click config button
{2019-03-06 11:31:25.503} [main] INFO  c.s.test.service.AutoTestService.pauseSeconds(263) - Pause for 8 seconds
{2019-03-06 11:31:33.504} [main] INFO  c.s.test.service.AutoTestService.installPlugin(116) - click add solution button
{2019-03-06 11:31:33.781} [main] INFO  c.s.test.service.AutoTestService.pauseSeconds(263) - Pause for 2 seconds
{2019-03-06 11:31:35.781} [main] INFO  c.s.test.service.AutoTestService.installPlugin(122) - select pak file
{2019-03-06 11:31:35.902} [main] INFO  c.s.test.service.AutoTestService.pauseSeconds(263) - Pause for 1 seconds
{2019-03-06 11:31:36.902} [main] INFO  c.s.test.service.AutoTestService.installPlugin(128) - Make checkbox selected
{2019-03-06 11:31:36.996} [main] INFO  c.s.test.service.AutoTestService.pauseSeconds(263) - Pause for 1 seconds
{2019-03-06 11:31:37.997} [main] INFO  c.s.test.service.AutoTestService.installPlugin(134) - upload pak file.
{2019-03-06 11:31:38.062} [main] INFO  c.s.test.service.AutoTestService.pauseSeconds(263) - Pause for 40 seconds
{2019-03-06 11:32:18.064} [main] INFO  c.s.test.service.AutoTestService.installPlugin(140) - click next button.
{2019-03-06 11:32:18.229} [main] INFO  c.s.test.service.AutoTestService.pauseSeconds(263) - Pause for 2 seconds
{2019-03-06 11:32:20.231} [main] INFO  c.s.test.service.AutoTestService.installPlugin(146) - click Yes button.
{2019-03-06 11:32:20.422} [main] INFO  c.s.test.service.AutoTestService.pauseSeconds(263) - Pause for 3 seconds
{2019-03-06 11:32:23.423} [main] INFO  c.s.test.service.AutoTestService.installPlugin(152) - Accept end user license agreement.
{2019-03-06 11:32:23.548} [main] INFO  c.s.test.service.AutoTestService.pauseSeconds(263) - Pause for 1 seconds
{2019-03-06 11:32:24.549} [main] INFO  c.s.test.service.AutoTestService.installPlugin(158) - click next button, waiting installation to be done.
{2019-03-06 11:44:18.312} [main] INFO  c.s.test.service.AutoTestService.installPlugin(172) - Click finish button.
{2019-03-06 11:44:18.464} [main] INFO  c.s.test.service.AutoTestService.installPlugin(177) - plugin install complete.
{2019-03-06 11:44:18.465} [main] INFO  c.s.test.service.AutoTestService.pauseSeconds(263) - Pause for 60 seconds
{2019-03-06 11:45:18.465} [main] INFO  c.s.test.service.AutoTestService.pauseSeconds(263) - Pause for 3 seconds
{2019-03-06 11:45:21.466} [main] INFO  c.s.test.service.AutoTestService.configInstance(185) - click config button
{2019-03-06 11:45:21.613} [main] INFO  c.s.test.service.AutoTestService.pauseSeconds(263) - Pause for 8 seconds
{2019-03-06 11:45:29.795} [main] INFO  c.s.test.service.AutoTestService.pauseSeconds(263) - Pause for 1 seconds
{2019-03-06 11:45:30.901} [main] INFO  c.s.test.service.AutoTestService.pauseSeconds(263) - Pause for 5 seconds
{2019-03-06 11:45:35.902} [main] INFO  c.s.test.service.AutoTestService.configInstance(201) - add credential
{2019-03-06 11:45:36.057} [main] INFO  c.s.test.service.AutoTestService.pauseSeconds(263) - Pause for 1 seconds
{2019-03-06 11:45:37.240} [main] INFO  c.s.test.service.AutoTestService.configInstance(209) - 3 credential fields found.
{2019-03-06 11:45:38.505} [main] INFO  c.s.test.service.AutoTestService.pauseSeconds(263) - Pause for 1 seconds
{2019-03-06 11:45:39.813} [main] INFO  c.s.test.service.AutoTestService.pauseSeconds(263) - Pause for 1 seconds
{2019-03-06 11:45:41.070} [main] INFO  c.s.test.service.AutoTestService.pauseSeconds(263) - Pause for 1 seconds
{2019-03-06 11:45:42.225} [main] INFO  c.s.test.service.AutoTestService.pauseSeconds(263) - Pause for 2 seconds
{2019-03-06 11:45:44.225} [main] INFO  c.s.test.service.AutoTestService.configInstance(225) - click OK button to save
{2019-03-06 11:45:44.319} [main] INFO  o.s.b.a.l.AutoConfigurationReportLoggingInitializer.logAutoConfigurationReport(101) - 

Error starting ApplicationContext. To display the auto-configuration report re-run your application with 'debug' enabled.
{2019-03-06 11:45:44.325} [main] ERROR o.s.boot.SpringApplication.reportFailure(771) - Application startup failed
java.lang.IllegalStateException: Failed to execute CommandLineRunner
	at org.springframework.boot.SpringApplication.callRunner(SpringApplication.java:735)
	at org.springframework.boot.SpringApplication.callRunners(SpringApplication.java:716)
	at org.springframework.boot.SpringApplication.afterRefresh(SpringApplication.java:703)
	at org.springframework.boot.SpringApplication.run(SpringApplication.java:304)
	at com.selenium.test.Application.main(Application.java:26)
Caused by: org.openqa.selenium.ElementNotVisibleException: element not interactable
  (Session info: chrome=72.0.3626.121)
  (Driver info: chromedriver=72.0.3626.7 (efcef9a3ecda02b2132af215116a03852d08b9cb),platform=Windows NT 10.0.16299 x86_64) (WARNING: The server did not provide any stacktrace information)
Command duration or timeout: 0 milliseconds
Build info: version: '3.9.1', revision: '63f7b50', time: '2018-02-07T22:25:02.294Z'
System info: host: 'HARBOR-E450', ip: '10.70.181.97', os.name: 'Windows 8.1', os.arch: 'amd64', os.version: '6.3', java.version: '1.8.0_51'
Driver info: org.openqa.selenium.chrome.ChromeDriver
Capabilities {acceptInsecureCerts: false, acceptSslCerts: false, applicationCacheEnabled: false, browserConnectionEnabled: false, browserName: chrome, chrome: {chromedriverVersion: 72.0.3626.7 (efcef9a3ecda02..., userDataDir: C:\Users\harbor\AppData\Loc...}, cssSelectorsEnabled: true, databaseEnabled: false, goog:chromeOptions: {debuggerAddress: localhost:53514}, handlesAlerts: true, hasTouchScreen: false, javascriptEnabled: true, locationContextEnabled: true, mobileEmulationEnabled: false, nativeEvents: true, networkConnectionEnabled: false, pageLoadStrategy: normal, platform: XP, platformName: XP, proxy: Proxy(), rotatable: false, setWindowRect: true, takesHeapSnapshot: true, takesScreenshot: true, timeouts: {implicit: 0, pageLoad: 300000, script: 30000}, unexpectedAlertBehaviour: ignore, unhandledPromptBehavior: ignore, version: 72.0.3626.121, webStorageEnabled: true}
Session ID: 30d0ae7245b2f89f15c488c292bd8cf8
	at sun.reflect.NativeConstructorAccessorImpl.newInstance0(Native Method)
	at sun.reflect.NativeConstructorAccessorImpl.newInstance(NativeConstructorAccessorImpl.java:62)
	at sun.reflect.DelegatingConstructorAccessorImpl.newInstance(DelegatingConstructorAccessorImpl.java:45)
	at java.lang.reflect.Constructor.newInstance(Constructor.java:422)
	at org.openqa.selenium.remote.ErrorHandler.createThrowable(ErrorHandler.java:214)
	at org.openqa.selenium.remote.ErrorHandler.throwIfResponseFailed(ErrorHandler.java:166)
	at org.openqa.selenium.remote.http.JsonHttpResponseCodec.reconstructValue(JsonHttpResponseCodec.java:40)
	at org.openqa.selenium.remote.http.AbstractHttpResponseCodec.decode(AbstractHttpResponseCodec.java:80)
	at org.openqa.selenium.remote.http.AbstractHttpResponseCodec.decode(AbstractHttpResponseCodec.java:44)
	at org.openqa.selenium.remote.HttpCommandExecutor.execute(HttpCommandExecutor.java:160)
	at org.openqa.selenium.remote.service.DriverCommandExecutor.execute(DriverCommandExecutor.java:83)
	at org.openqa.selenium.remote.RemoteWebDriver.execute(RemoteWebDriver.java:601)
	at org.openqa.selenium.remote.RemoteWebElement.execute(RemoteWebElement.java:279)
	at org.openqa.selenium.remote.RemoteWebElement.click(RemoteWebElement.java:83)
	at com.selenium.test.service.AutoTestService.configInstance(AutoTestService.java:227)
	at com.selenium.test.service.AutoTestService.test(AutoTestService.java:103)
	at com.selenium.test.Application.run(Application.java:31)
	at org.springframework.boot.SpringApplication.callRunner(SpringApplication.java:732)
	... 4 common frames omitted
{2019-03-06 11:45:44.327} [main] INFO  o.s.c.a.AnnotationConfigApplicationContext.doClose(987) - Closing org.springframework.context.annotation.AnnotationConfigApplicationContext@71a8adcf: startup date [Wed Mar 06 11:31:05 CST 2019]; root of context hierarchy
{2019-03-06 11:45:44.328} [main] INFO  o.s.j.e.a.AnnotationMBeanExporter.destroy(449) - Unregistering JMX-exposed beans on shutdown
